<?xml version="1.0" encoding="UTF-8"?>
<testsuite xmlns:xsi="http://www.w3.org/2001/XMLSchema-instance" xsi:noNamespaceSchemaLocation="https://maven.apache.org/surefire/maven-surefire-plugin/xsd/surefire-test-report-3.0.xsd" version="3.0" name="com.example.secretsharing.SecretsharingApplicationTests" time="10.086" tests="3" errors="0" skipped="0" failures="0">
  <properties>
[...]
</properties>
  <testcase name="NullInput" classname="com.example.secretsharing.SecretsharingApplicationTests" time="1.533">
    <system-out><![CDATA[17:55:31.786 [main] DEBUG org.springframework.test.context.BootstrapUtils - Instantiating CacheAwareContextLoaderDelegate from class [org.springframework.test.context.cache.DefaultCacheAwareContextLoaderDelegate]
17:55:31.824 [main] DEBUG org.springframework.test.context.BootstrapUtils - Instantiating BootstrapContext using constructor [public org.springframework.test.context.support.DefaultBootstrapContext(java.lang.Class,org.springframework.test.context.CacheAwareContextLoaderDelegate)]
17:55:31.932 [main] DEBUG org.springframework.test.context.BootstrapUtils - Instantiating TestContextBootstrapper for test class [com.example.secretsharing.SecretsharingApplicationTests] from class [org.springframework.boot.test.context.SpringBootTestContextBootstrapper]
17:55:31.974 [main] INFO org.springframework.boot.test.context.SpringBootTestContextBootstrapper - Neither @ContextConfiguration nor @ContextHierarchy found for test class [com.example.secretsharing.SecretsharingApplicationTests], using SpringBootContextLoader
17:55:31.985 [main] DEBUG org.springframework.test.context.support.AbstractContextLoader - Did not detect default resource location for test class [com.example.secretsharing.SecretsharingApplicationTests]: class path resource [com/example/secretsharing/SecretsharingApplicationTests-context.xml] does not exist
17:55:31.986 [main] DEBUG org.springframework.test.context.support.AbstractContextLoader - Did not detect default resource location for test class [com.example.secretsharing.SecretsharingApplicationTests]: class path resource [com/example/secretsharing/SecretsharingApplicationTestsContext.groovy] does not exist
17:55:31.986 [main] INFO org.springframework.test.context.support.AbstractContextLoader - Could not detect default resource locations for test class [com.example.secretsharing.SecretsharingApplicationTests]: no resource found for suffixes {-context.xml, Context.groovy}.
17:55:31.987 [main] INFO org.springframework.test.context.support.AnnotationConfigContextLoaderUtils - Could not detect default configuration classes for test class [com.example.secretsharing.SecretsharingApplicationTests]: SecretsharingApplicationTests does not declare any static, non-private, non-final, nested classes annotated with @Configuration.
17:55:32.109 [main] DEBUG org.springframework.test.context.support.ActiveProfilesUtils - Could not find an 'annotation declaring class' for annotation type [org.springframework.test.context.ActiveProfiles] and class [com.example.secretsharing.SecretsharingApplicationTests]
17:55:32.276 [main] DEBUG org.springframework.context.annotation.ClassPathScanningCandidateComponentProvider - Identified candidate component class: file [/Users/horvathroland/IdeaProjects/secretsharing/target/classes/com/example/secretsharing/SecretsharingApplication.class]
17:55:32.278 [main] INFO org.springframework.boot.test.context.SpringBootTestContextBootstrapper - Found @SpringBootConfiguration com.example.secretsharing.SecretsharingApplication for test class com.example.secretsharing.SecretsharingApplicationTests
17:55:32.529 [main] DEBUG org.springframework.boot.test.context.SpringBootTestContextBootstrapper - @TestExecutionListeners is not present for class [com.example.secretsharing.SecretsharingApplicationTests]: using defaults.
17:55:32.530 [main] INFO org.springframework.boot.test.context.SpringBootTestContextBootstrapper - Loaded default TestExecutionListener class names from location [META-INF/spring.factories]: [org.springframework.boot.test.mock.mockito.MockitoTestExecutionListener, org.springframework.boot.test.mock.mockito.ResetMocksTestExecutionListener, org.springframework.boot.test.autoconfigure.restdocs.RestDocsTestExecutionListener, org.springframework.boot.test.autoconfigure.web.client.MockRestServiceServerResetTestExecutionListener, org.springframework.boot.test.autoconfigure.web.servlet.MockMvcPrintOnlyOnFailureTestExecutionListener, org.springframework.boot.test.autoconfigure.web.servlet.WebDriverTestExecutionListener, org.springframework.boot.test.autoconfigure.webservices.client.MockWebServiceServerTestExecutionListener, org.springframework.test.context.web.ServletTestExecutionListener, org.springframework.test.context.support.DirtiesContextBeforeModesTestExecutionListener, org.springframework.test.context.event.ApplicationEventsTestExecutionListener, org.springframework.test.context.support.DependencyInjectionTestExecutionListener, org.springframework.test.context.support.DirtiesContextTestExecutionListener, org.springframework.test.context.transaction.TransactionalTestExecutionListener, org.springframework.test.context.jdbc.SqlScriptsTestExecutionListener, org.springframework.test.context.event.EventPublishingTestExecutionListener]
17:55:32.579 [main] INFO org.springframework.boot.test.context.SpringBootTestContextBootstrapper - Using TestExecutionListeners: [org.springframework.test.context.web.ServletTestExecutionListener@6cd166b8, org.springframework.test.context.support.DirtiesContextBeforeModesTestExecutionListener@2650f79, org.springframework.test.context.event.ApplicationEventsTestExecutionListener@75fc1992, org.springframework.boot.test.mock.mockito.MockitoTestExecutionListener@5fac521d, org.springframework.boot.test.autoconfigure.SpringBootDependencyInjectionTestExecutionListener@38af1bf6, org.springframework.test.context.support.DirtiesContextTestExecutionListener@129bd55d, org.springframework.test.context.transaction.TransactionalTestExecutionListener@7be7e15, org.springframework.test.context.jdbc.SqlScriptsTestExecutionListener@3abfe845, org.springframework.test.context.event.EventPublishingTestExecutionListener@7a0f244f, org.springframework.boot.test.mock.mockito.ResetMocksTestExecutionListener@3672276e, org.springframework.boot.test.autoconfigure.restdocs.RestDocsTestExecutionListener@4248b963, org.springframework.boot.test.autoconfigure.web.client.MockRestServiceServerResetTestExecutionListener@7f08caf, org.springframework.boot.test.autoconfigure.web.servlet.MockMvcPrintOnlyOnFailureTestExecutionListener@4defd42, org.springframework.boot.test.autoconfigure.web.servlet.WebDriverTestExecutionListener@2330e3e0, org.springframework.boot.test.autoconfigure.webservices.client.MockWebServiceServerTestExecutionListener@24b4d544]
17:55:32.587 [main] DEBUG org.springframework.test.context.support.AbstractDirtiesContextTestExecutionListener - Before test class: context [DefaultTestContext@642505c7 testClass = SecretsharingApplicationTests, testInstance = [null], testMethod = [null], testException = [null], mergedContextConfiguration = [WebMergedContextConfiguration@4339e0de testClass = SecretsharingApplicationTests, locations = '{}', classes = '{class com.example.secretsharing.SecretsharingApplication}', contextInitializerClasses = '[]', activeProfiles = '{}', propertySourceLocations = '{}', propertySourceProperties = '{org.springframework.boot.test.context.SpringBootTestContextBootstrapper=true}', contextCustomizers = set[org.springframework.boot.test.context.filter.ExcludeFilterContextCustomizer@433ffad1, org.springframework.boot.test.json.DuplicateJsonObjectContextCustomizerFactory$DuplicateJsonObjectContextCustomizer@ecf9fb3, org.springframework.boot.test.mock.mockito.MockitoContextCustomizer@0, org.springframework.boot.test.web.client.TestRestTemplateContextCustomizer@1cfd1875, org.springframework.boot.test.autoconfigure.actuate.metrics.MetricsExportContextCustomizerFactory$DisableMetricExportContextCustomizer@50b8ae8d, org.springframework.boot.test.autoconfigure.properties.PropertyMappingContextCustomizer@0, org.springframework.boot.test.autoconfigure.web.servlet.WebDriverContextCustomizerFactory$Customizer@3bb9efbc, org.springframework.boot.test.context.SpringBootTestArgs@1, org.springframework.boot.test.context.SpringBootTestWebEnvironment@729d991e], resourceBasePath = 'src/main/webapp', contextLoader = 'org.springframework.boot.test.context.SpringBootContextLoader', parent = [null]], attributes = map['org.springframework.test.context.web.ServletTestExecutionListener.activateListener' -> true]], class annotated with @DirtiesContext [false] with mode [null].
17:55:32.822 [main] DEBUG org.springframework.boot.ApplicationServletEnvironment - Activating profiles []
17:55:32.826 [main] DEBUG org.springframework.test.context.support.TestPropertySourceUtils - Adding inlined properties to environment: {spring.jmx.enabled=false, org.springframework.boot.test.context.SpringBootTestContextBootstrapper=true}

  .   ____          _            __ _ _
 /\\ / ___'_ __ _ _(_)_ __  __ _ \ \ \ \
( ( )\___ | '_ | '_| | '_ \/ _` | \ \ \ \
 \\/  ___)| |_)| | | | | || (_| |  ) ) ) )
  '  |____| .__|_| |_|_| |_\__, | / / / /
 =========|_|==============|___/=/_/_/_/
 :: Spring Boot ::                (v2.6.1)

2021-12-12 17:55:33.492  INFO 7531 --- [           main] c.e.s.SecretsharingApplicationTests      : Starting SecretsharingApplicationTests using Java 17 on Horvath-MacBook-Pro.local with PID 7531 (started by horvathroland in /Users/horvathroland/IdeaProjects/secretsharing)
2021-12-12 17:55:33.507  INFO 7531 --- [           main] c.e.s.SecretsharingApplicationTests      : No active profile set, falling back to default profiles: default
2021-12-12 17:55:35.787  INFO 7531 --- [           main] com.zaxxer.hikari.HikariDataSource       : HikariPool-1 - Starting...
2021-12-12 17:55:36.565  INFO 7531 --- [           main] com.zaxxer.hikari.HikariDataSource       : HikariPool-1 - Start completed.
2021-12-12 17:55:37.952  INFO 7531 --- [           main] o.s.b.a.h2.H2ConsoleAutoConfiguration    : H2 console available at '/h2-console'. Database available at 'jdbc:h2:file:./data/db'
2021-12-12 17:55:39.335  INFO 7531 --- [           main] c.e.s.SecretsharingApplicationTests      : Started SecretsharingApplicationTests in 6.506 seconds (JVM running for 10.501)
]]></system-out>
  </testcase>
  <testcase name="Duplicate" classname="com.example.secretsharing.SecretsharingApplicationTests" time="0.241"/>
  <testcase name="getSzovegTest" classname="com.example.secretsharing.SecretsharingApplicationTests" time="0.15"/>
</testsuite>